INFO: [VRFC 10-163] Analyzing VHDL file "/home/razvan/Workplace/CN/IDEA/IDEA.srcs/sources_1/new/Multiply.vhd" into library xil_defaultlib
INFO: [VRFC 10-307] analyzing entity Multiply
INFO: [VRFC 10-163] Analyzing VHDL file "/home/razvan/Workplace/CN/IDEA/IDEA.srcs/sim_1/new/Multiply_Sim.vhd" into library xil_defaultlib
INFO: [VRFC 10-307] analyzing entity Multiply_Sim
INFO: [VRFC 10-163] Analyzing VHDL file "/home/razvan/Workplace/CN/IDEA/IDEA.srcs/sim_1/new/Multiply_Sim.vhd" into library xil_defaultlib
INFO: [VRFC 10-307] analyzing entity Multiply_Sim
INFO: [VRFC 10-163] Analyzing VHDL file "/home/razvan/Workplace/CN/IDEA/IDEA.srcs/sources_1/new/Multiply.vhd" into library xil_defaultlib
INFO: [VRFC 10-307] analyzing entity Multiply
INFO: [VRFC 10-163] Analyzing VHDL file "/home/razvan/Workplace/CN/IDEA/IDEA.srcs/sources_1/new/RoundEncrypt.vhd" into library xil_defaultlib
INFO: [VRFC 10-307] analyzing entity RoundEncrypt
INFO: [VRFC 10-163] Analyzing VHDL file "/home/razvan/Workplace/CN/IDEA/IDEA.srcs/sources_1/new/Top.vhd" into library xil_defaultlib
INFO: [VRFC 10-307] analyzing entity Top
INFO: [VRFC 10-163] Analyzing VHDL file "/home/razvan/Workplace/CN/IDEA/IDEA.srcs/sources_1/new/AddMod16.vhd" into library xil_defaultlib
INFO: [VRFC 10-307] analyzing entity AddMod16
INFO: [VRFC 10-163] Analyzing VHDL file "/home/razvan/Workplace/CN/IDEA/IDEA.srcs/sources_1/new/HalfRoundEncrypt.vhd" into library xil_defaultlib
INFO: [VRFC 10-307] analyzing entity HalfRoundEncrypt
INFO: [VRFC 10-163] Analyzing VHDL file "/home/razvan/Workplace/CN/IDEA/IDEA.srcs/sim_1/new/Simulation.vhd" into library xil_defaultlib
INFO: [VRFC 10-307] analyzing entity Simulation
INFO: [VRFC 10-163] Analyzing VHDL file "/home/razvan/Workplace/CN/IDEA/IDEA.srcs/sources_1/new/Top.vhd" into library xil_defaultlib
INFO: [VRFC 10-307] analyzing entity Top
INFO: [VRFC 10-163] Analyzing VHDL file "/home/razvan/Workplace/CN/IDEA/IDEA.srcs/sources_1/new/RoundEncrypt.vhd" into library xil_defaultlib
INFO: [VRFC 10-307] analyzing entity RoundEncrypt
INFO: [VRFC 10-163] Analyzing VHDL file "/home/razvan/Workplace/CN/IDEA/IDEA.srcs/sources_1/new/Top.vhd" into library xil_defaultlib
INFO: [VRFC 10-307] analyzing entity Top
INFO: [VRFC 10-163] Analyzing VHDL file "/home/razvan/Workplace/CN/IDEA/IDEA.srcs/sources_1/new/HalfRoundEncrypt.vhd" into library xil_defaultlib
INFO: [VRFC 10-307] analyzing entity HalfRoundEncrypt
INFO: [VRFC 10-163] Analyzing VHDL file "/home/razvan/Workplace/CN/IDEA/IDEA.srcs/sources_1/new/Top.vhd" into library xil_defaultlib
INFO: [VRFC 10-307] analyzing entity Top
INFO: [VRFC 10-163] Analyzing VHDL file "/home/razvan/Workplace/CN/IDEA/IDEA.srcs/sources_1/new/Top.vhd" into library xil_defaultlib
INFO: [VRFC 10-307] analyzing entity Top
INFO: [VRFC 10-163] Analyzing VHDL file "/home/razvan/Workplace/CN/IDEA/IDEA.srcs/sources_1/new/Top.vhd" into library xil_defaultlib
INFO: [VRFC 10-307] analyzing entity Top
INFO: [VRFC 10-163] Analyzing VHDL file "/home/razvan/Workplace/CN/IDEA/IDEA.srcs/sources_1/new/Top.vhd" into library xil_defaultlib
INFO: [VRFC 10-307] analyzing entity Top
INFO: [VRFC 10-163] Analyzing VHDL file "/home/razvan/Workplace/CN/IDEA/IDEA.srcs/sources_1/new/Top.vhd" into library xil_defaultlib
INFO: [VRFC 10-307] analyzing entity Top
INFO: [VRFC 10-163] Analyzing VHDL file "/home/razvan/Workplace/CN/IDEA/IDEA.srcs/sources_1/new/Top.vhd" into library xil_defaultlib
INFO: [VRFC 10-307] analyzing entity Top
INFO: [VRFC 10-163] Analyzing VHDL file "/home/razvan/Workplace/CN/IDEA/IDEA.srcs/sources_1/new/Top.vhd" into library xil_defaultlib
INFO: [VRFC 10-307] analyzing entity Top
INFO: [VRFC 10-163] Analyzing VHDL file "/home/razvan/Workplace/CN/IDEA/IDEA.srcs/sources_1/new/Top.vhd" into library xil_defaultlib
INFO: [VRFC 10-307] analyzing entity Top
INFO: [VRFC 10-163] Analyzing VHDL file "/home/razvan/Workplace/CN/IDEA/IDEA.srcs/sources_1/new/Multiply.vhd" into library xil_defaultlib
INFO: [VRFC 10-307] analyzing entity Multiply
INFO: [VRFC 10-163] Analyzing VHDL file "/home/razvan/Workplace/CN/IDEA/IDEA.srcs/sources_1/new/Top.vhd" into library xil_defaultlib
INFO: [VRFC 10-307] analyzing entity Top
INFO: [VRFC 10-163] Analyzing VHDL file "/home/razvan/Workplace/CN/IDEA/IDEA.srcs/sources_1/new/Top.vhd" into library xil_defaultlib
INFO: [VRFC 10-307] analyzing entity Top
INFO: [VRFC 10-163] Analyzing VHDL file "/home/razvan/Workplace/CN/IDEA/IDEA.srcs/sources_1/new/Top.vhd" into library xil_defaultlib
INFO: [VRFC 10-307] analyzing entity Top
INFO: [VRFC 10-163] Analyzing VHDL file "/home/razvan/Workplace/CN/IDEA/IDEA.srcs/sources_1/new/Top.vhd" into library xil_defaultlib
INFO: [VRFC 10-307] analyzing entity Top
INFO: [VRFC 10-163] Analyzing VHDL file "/home/razvan/Workplace/CN/IDEA/IDEA.srcs/sources_1/new/Top.vhd" into library xil_defaultlib
INFO: [VRFC 10-307] analyzing entity Top
INFO: [VRFC 10-163] Analyzing VHDL file "/home/razvan/Workplace/CN/IDEA/IDEA.srcs/sources_1/new/Top.vhd" into library xil_defaultlib
INFO: [VRFC 10-307] analyzing entity Top
INFO: [VRFC 10-163] Analyzing VHDL file "/home/razvan/Workplace/CN/IDEA/IDEA.srcs/sources_1/new/Top.vhd" into library xil_defaultlib
INFO: [VRFC 10-307] analyzing entity Top
INFO: [VRFC 10-163] Analyzing VHDL file "/home/razvan/Workplace/CN/IDEA/IDEA.srcs/sources_1/new/Top.vhd" into library xil_defaultlib
INFO: [VRFC 10-307] analyzing entity Top
INFO: [VRFC 10-163] Analyzing VHDL file "/home/razvan/Workplace/CN/IDEA/IDEA.srcs/sources_1/new/Top.vhd" into library xil_defaultlib
INFO: [VRFC 10-307] analyzing entity Top
INFO: [VRFC 10-163] Analyzing VHDL file "/home/razvan/Workplace/CN/IDEA/IDEA.srcs/sources_1/new/Top.vhd" into library xil_defaultlib
INFO: [VRFC 10-307] analyzing entity Top
INFO: [VRFC 10-163] Analyzing VHDL file "/home/razvan/Workplace/CN/IDEA/IDEA.srcs/sources_1/new/Top.vhd" into library xil_defaultlib
INFO: [VRFC 10-307] analyzing entity Top
INFO: [VRFC 10-163] Analyzing VHDL file "/home/razvan/Workplace/CN/IDEA/IDEA.srcs/sim_1/new/Simulation.vhd" into library xil_defaultlib
INFO: [VRFC 10-307] analyzing entity Simulation
INFO: [VRFC 10-163] Analyzing VHDL file "/home/razvan/Workplace/CN/IDEA/IDEA.srcs/sim_1/new/Simulation.vhd" into library xil_defaultlib
INFO: [VRFC 10-307] analyzing entity Simulation
INFO: [VRFC 10-163] Analyzing VHDL file "/home/razvan/Workplace/CN/IDEA/IDEA.srcs/sim_1/new/Simulation.vhd" into library xil_defaultlib
INFO: [VRFC 10-307] analyzing entity Simulation
INFO: [VRFC 10-163] Analyzing VHDL file "/home/razvan/Workplace/CN/IDEA/IDEA.srcs/sim_1/new/Simulation.vhd" into library xil_defaultlib
INFO: [VRFC 10-307] analyzing entity Simulation
INFO: [VRFC 10-163] Analyzing VHDL file "/home/razvan/Workplace/CN/IDEA/IDEA.srcs/sources_1/new/Top.vhd" into library xil_defaultlib
INFO: [VRFC 10-307] analyzing entity Top
INFO: [VRFC 10-163] Analyzing VHDL file "/home/razvan/Workplace/CN/IDEA/IDEA.srcs/sim_1/new/Simulation.vhd" into library xil_defaultlib
INFO: [VRFC 10-307] analyzing entity Simulation
INFO: [VRFC 10-163] Analyzing VHDL file "/home/razvan/Workplace/CN/IDEA/IDEA.srcs/sources_1/new/Top.vhd" into library xil_defaultlib
INFO: [VRFC 10-307] analyzing entity Top
INFO: [VRFC 10-163] Analyzing VHDL file "/home/razvan/Workplace/CN/IDEA/IDEA.srcs/sources_1/new/Top.vhd" into library xil_defaultlib
INFO: [VRFC 10-307] analyzing entity Top
INFO: [VRFC 10-163] Analyzing VHDL file "/home/razvan/Workplace/CN/IDEA/IDEA.srcs/sources_1/new/Top.vhd" into library xil_defaultlib
INFO: [VRFC 10-307] analyzing entity Top
INFO: [VRFC 10-163] Analyzing VHDL file "/home/razvan/Workplace/CN/IDEA/IDEA.srcs/sources_1/new/Top.vhd" into library xil_defaultlib
INFO: [VRFC 10-307] analyzing entity Top
INFO: [VRFC 10-163] Analyzing VHDL file "/home/razvan/Workplace/CN/IDEA/IDEA.srcs/sources_1/new/Top.vhd" into library xil_defaultlib
INFO: [VRFC 10-307] analyzing entity Top
INFO: [VRFC 10-163] Analyzing VHDL file "/home/razvan/Workplace/CN/IDEA/IDEA.srcs/sources_1/new/Top.vhd" into library xil_defaultlib
INFO: [VRFC 10-307] analyzing entity Top
INFO: [VRFC 10-163] Analyzing VHDL file "/home/razvan/Workplace/CN/IDEA/IDEA.srcs/sources_1/new/Top.vhd" into library xil_defaultlib
INFO: [VRFC 10-307] analyzing entity Top
INFO: [VRFC 10-163] Analyzing VHDL file "/home/razvan/Workplace/CN/IDEA/IDEA.srcs/sources_1/new/RoundEncrypt.vhd" into library xil_defaultlib
INFO: [VRFC 10-307] analyzing entity RoundEncrypt
INFO: [VRFC 10-163] Analyzing VHDL file "/home/razvan/Workplace/CN/IDEA/IDEA.srcs/sources_1/new/Top.vhd" into library xil_defaultlib
INFO: [VRFC 10-307] analyzing entity Top
INFO: [VRFC 10-163] Analyzing VHDL file "/home/razvan/Workplace/CN/IDEA/IDEA.srcs/sim_1/new/Simulation.vhd" into library xil_defaultlib
INFO: [VRFC 10-307] analyzing entity Simulation
INFO: [VRFC 10-163] Analyzing VHDL file "/home/razvan/Workplace/CN/IDEA/IDEA.srcs/sim_1/new/Simulation.vhd" into library xil_defaultlib
INFO: [VRFC 10-307] analyzing entity Simulation
INFO: [VRFC 10-163] Analyzing VHDL file "/home/razvan/Workplace/CN/IDEA/IDEA.srcs/sim_1/new/Simulation.vhd" into library xil_defaultlib
INFO: [VRFC 10-307] analyzing entity Simulation
INFO: [VRFC 10-163] Analyzing VHDL file "/home/razvan/Workplace/CN/IDEA/IDEA.srcs/sources_1/new/Top.vhd" into library xil_defaultlib
INFO: [VRFC 10-307] analyzing entity Top
INFO: [VRFC 10-163] Analyzing VHDL file "/home/razvan/Workplace/CN/IDEA/IDEA.srcs/sources_1/new/modInverse.vhd" into library xil_defaultlib
INFO: [VRFC 10-307] analyzing entity modInverse
INFO: [VRFC 10-163] Analyzing VHDL file "/home/razvan/Workplace/CN/IDEA/IDEA.srcs/sources_1/new/Top.vhd" into library xil_defaultlib
INFO: [VRFC 10-307] analyzing entity Top
INFO: [VRFC 10-163] Analyzing VHDL file "/home/razvan/Workplace/CN/IDEA/IDEA.srcs/sim_1/new/Simulation.vhd" into library xil_defaultlib
INFO: [VRFC 10-307] analyzing entity Simulation
INFO: [VRFC 10-163] Analyzing VHDL file "/home/razvan/Workplace/CN/IDEA/IDEA.srcs/sim_1/new/Simulation.vhd" into library xil_defaultlib
INFO: [VRFC 10-307] analyzing entity Simulation
INFO: [VRFC 10-163] Analyzing VHDL file "/home/razvan/Workplace/CN/IDEA/IDEA.srcs/sources_1/new/Top.vhd" into library xil_defaultlib
INFO: [VRFC 10-307] analyzing entity Top
INFO: [VRFC 10-163] Analyzing VHDL file "/home/razvan/Workplace/CN/IDEA/IDEA.srcs/sim_1/new/Simulation.vhd" into library xil_defaultlib
INFO: [VRFC 10-307] analyzing entity Simulation
INFO: [VRFC 10-163] Analyzing VHDL file "/home/razvan/Workplace/CN/IDEA/IDEA.srcs/sources_1/new/Top.vhd" into library xil_defaultlib
INFO: [VRFC 10-307] analyzing entity Top
INFO: [VRFC 10-163] Analyzing VHDL file "/home/razvan/Workplace/CN/IDEA/IDEA.srcs/sources_1/new/modInverse.vhd" into library xil_defaultlib
INFO: [VRFC 10-307] analyzing entity modInverse
INFO: [VRFC 10-163] Analyzing VHDL file "/home/razvan/Workplace/CN/IDEA/IDEA.srcs/sources_1/new/modInverse.vhd" into library xil_defaultlib
INFO: [VRFC 10-307] analyzing entity modInverse
INFO: [VRFC 10-163] Analyzing VHDL file "/home/razvan/Workplace/CN/IDEA/IDEA.srcs/sources_1/new/modInverse.vhd" into library xil_defaultlib
INFO: [VRFC 10-307] analyzing entity modInverse
INFO: [VRFC 10-163] Analyzing VHDL file "/home/razvan/Workplace/CN/IDEA/IDEA.srcs/sources_1/new/modInverse.vhd" into library xil_defaultlib
INFO: [VRFC 10-307] analyzing entity modInverse
INFO: [VRFC 10-163] Analyzing VHDL file "/home/razvan/Workplace/CN/IDEA/IDEA.srcs/sources_1/new/modInverse.vhd" into library xil_defaultlib
INFO: [VRFC 10-307] analyzing entity modInverse
INFO: [VRFC 10-163] Analyzing VHDL file "/home/razvan/Workplace/CN/IDEA/IDEA.srcs/sim_1/new/Simulation.vhd" into library xil_defaultlib
INFO: [VRFC 10-307] analyzing entity Simulation
INFO: [VRFC 10-163] Analyzing VHDL file "/home/razvan/Workplace/CN/IDEA/IDEA.srcs/sim_1/new/Simulation.vhd" into library xil_defaultlib
INFO: [VRFC 10-307] analyzing entity Simulation
INFO: [VRFC 10-163] Analyzing VHDL file "/home/razvan/Workplace/CN/IDEA/IDEA.srcs/sim_1/new/Simulation.vhd" into library xil_defaultlib
INFO: [VRFC 10-307] analyzing entity Simulation
INFO: [VRFC 10-163] Analyzing VHDL file "/home/razvan/Workplace/CN/IDEA/IDEA.srcs/sim_1/new/Simulation.vhd" into library xil_defaultlib
INFO: [VRFC 10-307] analyzing entity Simulation
INFO: [VRFC 10-163] Analyzing VHDL file "/home/razvan/Workplace/CN/IDEA/IDEA.srcs/sim_1/new/Simulation.vhd" into library xil_defaultlib
INFO: [VRFC 10-307] analyzing entity Simulation
INFO: [VRFC 10-163] Analyzing VHDL file "/home/razvan/Workplace/CN/IDEA/IDEA.srcs/sim_1/new/Simulation.vhd" into library xil_defaultlib
INFO: [VRFC 10-307] analyzing entity Simulation
INFO: [VRFC 10-163] Analyzing VHDL file "/home/razvan/Workplace/CN/IDEA/IDEA.srcs/sim_1/new/Simulation.vhd" into library xil_defaultlib
INFO: [VRFC 10-307] analyzing entity Simulation
INFO: [VRFC 10-163] Analyzing VHDL file "/home/razvan/Workplace/CN/IDEA/IDEA.srcs/sources_1/new/Top.vhd" into library xil_defaultlib
INFO: [VRFC 10-307] analyzing entity Top
INFO: [VRFC 10-163] Analyzing VHDL file "/home/razvan/Workplace/CN/IDEA/IDEA.srcs/sim_1/new/Simulation.vhd" into library xil_defaultlib
INFO: [VRFC 10-307] analyzing entity Simulation
INFO: [VRFC 10-163] Analyzing VHDL file "/home/razvan/Workplace/CN/IDEA/IDEA.srcs/sim_1/new/Simulation.vhd" into library xil_defaultlib
INFO: [VRFC 10-307] analyzing entity Simulation
INFO: [VRFC 10-163] Analyzing VHDL file "/home/razvan/Workplace/CN/IDEA/IDEA.srcs/sim_1/new/Simulation.vhd" into library xil_defaultlib
INFO: [VRFC 10-307] analyzing entity Simulation
INFO: [VRFC 10-163] Analyzing VHDL file "/home/razvan/Workplace/CN/IDEA/IDEA.srcs/sim_1/new/Simulation.vhd" into library xil_defaultlib
INFO: [VRFC 10-307] analyzing entity Simulation
INFO: [VRFC 10-163] Analyzing VHDL file "/home/razvan/Workplace/CN/IDEA/IDEA.srcs/sim_1/new/Simulation.vhd" into library xil_defaultlib
INFO: [VRFC 10-307] analyzing entity Simulation
INFO: [VRFC 10-163] Analyzing VHDL file "/home/razvan/Workplace/CN/IDEA/IDEA.srcs/sources_1/new/modInverse.vhd" into library xil_defaultlib
INFO: [VRFC 10-307] analyzing entity modInverse
INFO: [VRFC 10-163] Analyzing VHDL file "/home/razvan/Workplace/CN/IDEA/IDEA.srcs/sources_1/new/modInverse.vhd" into library xil_defaultlib
INFO: [VRFC 10-307] analyzing entity modInverse
INFO: [VRFC 10-163] Analyzing VHDL file "/home/razvan/Workplace/CN/IDEA/IDEA.srcs/sim_1/new/Simulation.vhd" into library xil_defaultlib
INFO: [VRFC 10-307] analyzing entity Simulation
INFO: [VRFC 10-163] Analyzing VHDL file "/home/razvan/Workplace/CN/IDEA/IDEA.srcs/sim_1/new/Simulation.vhd" into library xil_defaultlib
INFO: [VRFC 10-307] analyzing entity Simulation
INFO: [VRFC 10-163] Analyzing VHDL file "/home/razvan/Workplace/CN/IDEA/IDEA.srcs/sim_1/new/Simulation.vhd" into library xil_defaultlib
INFO: [VRFC 10-307] analyzing entity Simulation
INFO: [VRFC 10-163] Analyzing VHDL file "/home/razvan/Workplace/CN/IDEA/IDEA.srcs/sim_1/new/Simulation.vhd" into library xil_defaultlib
INFO: [VRFC 10-307] analyzing entity Simulation
INFO: [VRFC 10-163] Analyzing VHDL file "/home/razvan/Workplace/CN/IDEA/IDEA.srcs/sim_1/new/Simulation.vhd" into library xil_defaultlib
INFO: [VRFC 10-307] analyzing entity Simulation
